TN:
SF:src\modules\appointments\services\CreateAppointmentService.ts
FN:14,(anonymous_17)
FN:15,CreateAppointmentService
FN:20,(anonymous_19)
FNF:3
FNH:3
FNDA:1,(anonymous_17)
FNDA:2,CreateAppointmentService
FNDA:3,(anonymous_19)
DA:1,1
DA:2,1
DA:4,1
DA:14,1
DA:17,2
DA:20,3
DA:21,3
DA:23,3
DA:27,3
DA:28,1
DA:31,2
DA:36,2
DA:38,1
DA:40,1
LF:14
LH:14
BRDA:27,0,0,1
BRDA:27,0,1,2
BRF:2
BRH:2
end_of_record
TN:
SF:src\modules\users\services\CreateSessionService.ts
FN:23,(anonymous_17)
FN:24,CreateSessionService
FN:32,(anonymous_19)
FNF:3
FNH:3
FNDA:1,(anonymous_17)
FNDA:3,CreateSessionService
FNDA:3,(anonymous_19)
DA:1,1
DA:2,1
DA:4,1
DA:6,1
DA:10,1
DA:23,1
DA:26,3
DA:29,3
DA:32,3
DA:33,3
DA:35,3
DA:36,1
DA:39,2
DA:44,2
DA:45,1
DA:48,1
DA:50,1
DA:55,1
DA:60,1
LF:19
LH:19
BRDA:33,0,0,3
BRDA:35,1,0,1
BRDA:35,1,1,2
BRDA:44,2,0,1
BRDA:44,2,1,1
BRF:5
BRH:5
end_of_record
TN:
SF:src\modules\users\services\CreateUserService.ts
FN:16,(anonymous_17)
FN:17,CreateUserService
FN:25,(anonymous_19)
FNF:3
FNH:3
FNDA:2,(anonymous_17)
FNDA:4,CreateUserService
FNDA:5,(anonymous_19)
DA:1,2
DA:3,2
DA:16,2
DA:19,4
DA:22,4
DA:25,5
DA:26,5
DA:28,5
DA:29,1
DA:32,4
DA:34,4
DA:40,4
DA:42,2
LF:13
LH:13
BRDA:26,0,0,5
BRDA:28,1,0,1
BRDA:28,1,1,4
BRF:3
BRH:3
end_of_record
TN:
SF:src\modules\users\services\ResetPasswordService.ts
FN:17,(anonymous_17)
FN:18,SendForgotPasswordEmailService
FN:29,(anonymous_19)
FNF:3
FNH:3
FNDA:1,(anonymous_17)
FNDA:4,SendForgotPasswordEmailService
FNDA:4,(anonymous_19)
DA:1,1
DA:2,1
DA:4,1
DA:17,1
DA:20,4
DA:23,4
DA:26,4
DA:29,4
DA:30,4
DA:32,4
DA:33,1
DA:36,3
DA:38,3
DA:39,1
DA:42,2
DA:44,2
DA:45,1
DA:48,1
DA:50,2
DA:52,1
LF:20
LH:20
BRDA:30,0,0,4
BRDA:32,1,0,1
BRDA:32,1,1,3
BRDA:38,2,0,1
BRDA:38,2,1,2
BRDA:44,3,0,1
BRDA:44,3,1,1
BRF:7
BRH:7
end_of_record
TN:
SF:src\modules\users\services\SendForgotPasswordEmailService.ts
FN:14,(anonymous_17)
FN:15,SendForgotPasswordEmailService
FN:26,(anonymous_19)
FNF:3
FNH:3
FNDA:1,(anonymous_17)
FNDA:3,SendForgotPasswordEmailService
FNDA:3,(anonymous_19)
DA:1,1
DA:2,1
DA:4,1
DA:14,1
DA:17,3
DA:20,3
DA:23,3
DA:26,3
DA:27,3
DA:29,3
DA:30,1
DA:33,2
DA:35,2
DA:42,4
DA:57,1
LF:15
LH:15
BRDA:27,0,0,3
BRDA:29,1,0,1
BRDA:29,1,1,2
BRF:3
BRH:3
end_of_record
TN:
SF:src\modules\users\services\UpdateUserAvatarService.ts
FN:15,(anonymous_17)
FN:16,UpdateUserAvatarService
FN:24,(anonymous_19)
FNF:3
FNH:3
FNDA:1,(anonymous_17)
FNDA:3,UpdateUserAvatarService
FNDA:4,(anonymous_19)
DA:1,1
DA:3,1
DA:15,1
DA:18,3
DA:21,3
DA:24,4
DA:25,4
DA:27,4
DA:28,1
DA:31,5
DA:32,2
DA:35,3
DA:37,3
DA:39,6
DA:41,3
DA:43,1
LF:16
LH:16
BRDA:25,0,0,4
BRDA:25,0,1,3
BRDA:27,1,0,1
BRDA:27,1,1,3
BRDA:31,2,0,2
BRDA:31,2,1,1
BRF:6
BRH:6
end_of_record
