TN:
SF:src\modules\appointments\services\CreateAppointmentService.ts
FN:14,(anonymous_17)
FN:15,CreateAppointmentService
FN:20,(anonymous_19)
FNF:3
FNH:3
FNDA:1,(anonymous_17)
FNDA:2,CreateAppointmentService
FNDA:3,(anonymous_19)
DA:1,1
DA:2,1
DA:4,1
DA:14,1
DA:17,2
DA:20,3
DA:21,3
DA:23,3
DA:27,3
DA:28,1
DA:31,2
DA:36,2
DA:38,1
DA:40,1
LF:14
LH:14
BRDA:27,0,0,1
BRDA:27,0,1,2
BRF:2
BRH:2
end_of_record
TN:
SF:src\modules\users\services\CreateSessionService.ts
FN:23,(anonymous_17)
FN:24,CreateSessionService
FN:32,(anonymous_19)
FNF:3
FNH:3
FNDA:1,(anonymous_17)
FNDA:3,CreateSessionService
FNDA:3,(anonymous_19)
DA:1,1
DA:2,1
DA:4,1
DA:6,1
DA:10,1
DA:23,1
DA:26,3
DA:29,3
DA:32,3
DA:33,3
DA:35,3
DA:36,1
DA:39,2
DA:44,2
DA:45,1
DA:48,1
DA:50,1
DA:55,1
DA:60,1
LF:19
LH:19
BRDA:33,0,0,3
BRDA:35,1,0,1
BRDA:35,1,1,2
BRDA:44,2,0,1
BRDA:44,2,1,1
BRF:5
BRH:5
end_of_record
TN:
SF:src\modules\users\services\CreateUserService.ts
FN:16,(anonymous_17)
FN:17,CreateUserService
FN:25,(anonymous_19)
FNF:3
FNH:3
FNDA:2,(anonymous_17)
FNDA:4,CreateUserService
FNDA:5,(anonymous_19)
DA:1,2
DA:3,2
DA:16,2
DA:19,4
DA:22,4
DA:25,5
DA:26,5
DA:28,5
DA:29,1
DA:32,4
DA:34,4
DA:40,4
DA:42,2
LF:13
LH:13
BRDA:26,0,0,5
BRDA:28,1,0,1
BRDA:28,1,1,4
BRF:3
BRH:3
end_of_record
TN:
SF:src\modules\users\services\UpdateUserAvatarService.ts
FN:16,(anonymous_17)
FN:17,UpdateUserAvatarService
FN:22,(anonymous_19)
FNF:3
FNH:0
FNDA:0,(anonymous_17)
FNDA:0,UpdateUserAvatarService
FNDA:0,(anonymous_19)
DA:1,0
DA:2,0
DA:4,0
DA:5,0
DA:8,0
DA:16,0
DA:19,0
DA:22,0
DA:23,0
DA:25,0
DA:26,0
DA:29,0
DA:30,0
DA:32,0
DA:34,0
DA:35,0
DA:39,0
DA:41,0
DA:43,0
DA:45,0
LF:20
LH:0
BRDA:23,0,0,0
BRDA:25,1,0,0
BRDA:25,1,1,0
BRDA:29,2,0,0
BRDA:29,2,1,0
BRDA:34,3,0,0
BRDA:34,3,1,0
BRF:7
BRH:0
end_of_record
